[3.293s] Invoking command in '/home/hikari/ros2_ws/ros2_lora': PYTHONPATH=/home/hikari/ros2_ws/ros2_lora/build/ros2_lora/prefix_override:/home/hikari/ros2_ws/ros2_lora/install/ros2_lora/lib/python3.10/site-packages:${PYTHONPATH} /usr/bin/python3 setup.py egg_info --egg-base build/ros2_lora build --build-base /home/hikari/ros2_ws/ros2_lora/build/ros2_lora/build install --record /home/hikari/ros2_ws/ros2_lora/build/ros2_lora/install.log --single-version-externally-managed
[4.207s] running egg_info
[4.208s] creating build/ros2_lora/ros2_lora.egg-info
[4.262s] writing build/ros2_lora/ros2_lora.egg-info/PKG-INFO
[4.264s] writing dependency_links to build/ros2_lora/ros2_lora.egg-info/dependency_links.txt
[4.265s] writing entry points to build/ros2_lora/ros2_lora.egg-info/entry_points.txt
[4.266s] writing requirements to build/ros2_lora/ros2_lora.egg-info/requires.txt
[4.266s] writing top-level names to build/ros2_lora/ros2_lora.egg-info/top_level.txt
[4.267s] writing manifest file 'build/ros2_lora/ros2_lora.egg-info/SOURCES.txt'
[4.387s] reading manifest file 'build/ros2_lora/ros2_lora.egg-info/SOURCES.txt'
[4.390s] writing manifest file 'build/ros2_lora/ros2_lora.egg-info/SOURCES.txt'
[4.391s] running build
[4.391s] running build_py
[4.392s] creating /home/hikari/ros2_ws/ros2_lora/build/ros2_lora/build
[4.393s] creating /home/hikari/ros2_ws/ros2_lora/build/ros2_lora/build/lib
[4.393s] creating /home/hikari/ros2_ws/ros2_lora/build/ros2_lora/build/lib/ros2_lora
[4.394s] copying ros2_lora/__init__.py -> /home/hikari/ros2_ws/ros2_lora/build/ros2_lora/build/lib/ros2_lora
[4.394s] copying ros2_lora/ros2_lora.py -> /home/hikari/ros2_ws/ros2_lora/build/ros2_lora/build/lib/ros2_lora
[4.396s] running install
[4.396s] /home/hikari/.local/lib/python3.10/site-packages/setuptools/command/install.py:34: SetuptoolsDeprecationWarning: setup.py install is deprecated. Use build and pip and other standards-based tools.
[4.397s]   warnings.warn(
[4.418s] running install_lib
[4.474s] creating /home/hikari/ros2_ws/ros2_lora/install/ros2_lora/lib/python3.10/site-packages/ros2_lora
[4.475s] copying /home/hikari/ros2_ws/ros2_lora/build/ros2_lora/build/lib/ros2_lora/__init__.py -> /home/hikari/ros2_ws/ros2_lora/install/ros2_lora/lib/python3.10/site-packages/ros2_lora
[4.476s] copying /home/hikari/ros2_ws/ros2_lora/build/ros2_lora/build/lib/ros2_lora/ros2_lora.py -> /home/hikari/ros2_ws/ros2_lora/install/ros2_lora/lib/python3.10/site-packages/ros2_lora
[4.480s] byte-compiling /home/hikari/ros2_ws/ros2_lora/install/ros2_lora/lib/python3.10/site-packages/ros2_lora/__init__.py to __init__.cpython-310.pyc
[4.482s] byte-compiling /home/hikari/ros2_ws/ros2_lora/install/ros2_lora/lib/python3.10/site-packages/ros2_lora/ros2_lora.py to ros2_lora.cpython-310.pyc
[4.484s] running install_data
[4.548s] creating /home/hikari/ros2_ws/ros2_lora/install/ros2_lora/share/ament_index
[4.550s] creating /home/hikari/ros2_ws/ros2_lora/install/ros2_lora/share/ament_index/resource_index
[4.550s] creating /home/hikari/ros2_ws/ros2_lora/install/ros2_lora/share/ament_index/resource_index/packages
[4.551s] copying resource/ros2_lora -> /home/hikari/ros2_ws/ros2_lora/install/ros2_lora/share/ament_index/resource_index/packages
[4.552s] copying package.xml -> /home/hikari/ros2_ws/ros2_lora/install/ros2_lora/share/ros2_lora
[4.553s] running install_egg_info
[4.620s] Copying build/ros2_lora/ros2_lora.egg-info to /home/hikari/ros2_ws/ros2_lora/install/ros2_lora/lib/python3.10/site-packages/ros2_lora-0.0.1-py3.10.egg-info
[4.625s] running install_scripts
[5.336s] Installing ros2_lora_bridge script to /home/hikari/ros2_ws/ros2_lora/install/ros2_lora/lib/ros2_lora
[5.337s] writing list of installed files to '/home/hikari/ros2_ws/ros2_lora/build/ros2_lora/install.log'
[5.484s] Invoked command in '/home/hikari/ros2_ws/ros2_lora' returned '0': PYTHONPATH=/home/hikari/ros2_ws/ros2_lora/build/ros2_lora/prefix_override:/home/hikari/ros2_ws/ros2_lora/install/ros2_lora/lib/python3.10/site-packages:${PYTHONPATH} /usr/bin/python3 setup.py egg_info --egg-base build/ros2_lora build --build-base /home/hikari/ros2_ws/ros2_lora/build/ros2_lora/build install --record /home/hikari/ros2_ws/ros2_lora/build/ros2_lora/install.log --single-version-externally-managed
