[1.680s] DEBUG:colcon:Command line arguments: ['/usr/local/bin/colcon', 'build']
[1.680s] DEBUG:colcon:Parsed command line arguments: Namespace(log_base=None, log_level=None, verb_name='build', build_base='build', install_base='install', merge_install=False, symlink_install=False, test_result_base=None, continue_on_error=False, executor='parallel', parallel_workers=4, event_handlers=None, ignore_user_meta=False, metas=['./colcon.meta'], base_paths=['.'], packages_ignore=None, packages_ignore_regex=None, paths=None, packages_up_to=None, packages_up_to_regex=None, packages_above=None, packages_above_and_dependencies=None, packages_above_depth=None, packages_select_by_dep=None, packages_skip_by_dep=None, packages_skip_up_to=None, packages_select_build_failed=False, packages_skip_build_finished=False, packages_select_test_failures=False, packages_skip_test_passed=False, packages_select=None, packages_skip=None, packages_select_regex=None, packages_skip_regex=None, packages_start=None, packages_end=None, cmake_args=None, cmake_target=None, cmake_target_skip_unavailable=False, cmake_clean_cache=False, cmake_clean_first=False, cmake_force_configure=False, ament_cmake_args=None, catkin_cmake_args=None, catkin_skip_building_tests=False, verb_parser=<colcon_defaults.argument_parser.defaults.DefaultArgumentsDecorator object at 0xffffae62c0a0>, verb_extension=<colcon_core.verb.build.BuildVerb object at 0xffffae7478e0>, main=<bound method BuildVerb.main of <colcon_core.verb.build.BuildVerb object at 0xffffae7478e0>>)
[1.873s] Level 1:colcon.colcon_core.package_discovery:discover_packages(colcon_meta) check parameters
[1.874s] Level 1:colcon.colcon_core.package_discovery:discover_packages(recursive) check parameters
[1.874s] Level 1:colcon.colcon_core.package_discovery:discover_packages(ignore) check parameters
[1.874s] Level 1:colcon.colcon_core.package_discovery:discover_packages(path) check parameters
[1.874s] Level 1:colcon.colcon_core.package_discovery:discover_packages(colcon_meta) discover
[1.874s] Level 1:colcon.colcon_core.package_discovery:discover_packages(recursive) discover
[1.875s] INFO:colcon.colcon_core.package_discovery:Crawling recursively for packages in '/home/hikari/ros2_ws/ros2_lora'
[1.875s] Level 1:colcon.colcon_core.package_identification:_identify(.) by extensions ['ignore', 'ignore_ament_install']
[1.875s] Level 1:colcon.colcon_core.package_identification:_identify(.) by extension 'ignore'
[1.876s] Level 1:colcon.colcon_core.package_identification:_identify(.) by extension 'ignore_ament_install'
[1.876s] Level 1:colcon.colcon_core.package_identification:_identify(.) by extensions ['colcon_pkg']
[1.876s] Level 1:colcon.colcon_core.package_identification:_identify(.) by extension 'colcon_pkg'
[1.876s] Level 1:colcon.colcon_core.package_identification:_identify(.) by extensions ['colcon_meta']
[1.876s] Level 1:colcon.colcon_core.package_identification:_identify(.) by extension 'colcon_meta'
[1.876s] Level 1:colcon.colcon_core.package_identification:_identify(.) by extensions ['ros']
[1.877s] Level 1:colcon.colcon_core.package_identification:_identify(.) by extension 'ros'
[1.941s] DEBUG:colcon.colcon_core.package_identification:Package '.' with type 'ros.ament_python' and name 'ros2_lora'
[1.941s] Level 1:colcon.colcon_core.package_discovery:discover_packages(recursive) using defaults
[1.942s] Level 1:colcon.colcon_core.package_discovery:discover_packages(ignore) discover
[1.942s] Level 1:colcon.colcon_core.package_discovery:discover_packages(ignore) using defaults
[1.942s] Level 1:colcon.colcon_core.package_discovery:discover_packages(path) discover
[1.942s] Level 1:colcon.colcon_core.package_discovery:discover_packages(path) using defaults
[2.096s] Level 5:colcon.colcon_core.verb:set package 'ros2_lora' build argument 'cmake_args' from command line to 'None'
[2.097s] Level 5:colcon.colcon_core.verb:set package 'ros2_lora' build argument 'cmake_target' from command line to 'None'
[2.097s] Level 5:colcon.colcon_core.verb:set package 'ros2_lora' build argument 'cmake_target_skip_unavailable' from command line to 'False'
[2.097s] Level 5:colcon.colcon_core.verb:set package 'ros2_lora' build argument 'cmake_clean_cache' from command line to 'False'
[2.097s] Level 5:colcon.colcon_core.verb:set package 'ros2_lora' build argument 'cmake_clean_first' from command line to 'False'
[2.097s] Level 5:colcon.colcon_core.verb:set package 'ros2_lora' build argument 'cmake_force_configure' from command line to 'False'
[2.097s] Level 5:colcon.colcon_core.verb:set package 'ros2_lora' build argument 'ament_cmake_args' from command line to 'None'
[2.097s] Level 5:colcon.colcon_core.verb:set package 'ros2_lora' build argument 'catkin_cmake_args' from command line to 'None'
[2.098s] Level 5:colcon.colcon_core.verb:set package 'ros2_lora' build argument 'catkin_skip_building_tests' from command line to 'False'
[2.098s] DEBUG:colcon.colcon_core.verb:Building package 'ros2_lora' with the following arguments: {'ament_cmake_args': None, 'build_base': '/home/hikari/ros2_ws/ros2_lora/build/ros2_lora', 'catkin_cmake_args': None, 'catkin_skip_building_tests': False, 'cmake_args': None, 'cmake_clean_cache': False, 'cmake_clean_first': False, 'cmake_force_configure': False, 'cmake_target': None, 'cmake_target_skip_unavailable': False, 'install_base': '/home/hikari/ros2_ws/ros2_lora/install/ros2_lora', 'merge_install': False, 'path': '/home/hikari/ros2_ws/ros2_lora', 'symlink_install': False, 'test_result_base': None}
[2.104s] INFO:colcon.colcon_core.executor:Executing jobs using 'parallel' executor
[2.143s] DEBUG:colcon.colcon_parallel_executor.executor.parallel:run_until_complete
[2.144s] INFO:colcon.colcon_ros.task.ament_python.build:Building ROS package in '/home/hikari/ros2_ws/ros2_lora' with build type 'ament_python'
[2.145s] Level 1:colcon.colcon_core.shell:create_environment_hook('ros2_lora', 'ament_prefix_path')
[2.177s] INFO:colcon.colcon_core.plugin_system:Skipping extension 'colcon_core.shell.bat': Not used on non-Windows systems
[2.178s] INFO:colcon.colcon_core.shell:Creating environment hook '/home/hikari/ros2_ws/ros2_lora/install/ros2_lora/share/ros2_lora/hook/ament_prefix_path.ps1'
[2.181s] INFO:colcon.colcon_core.shell:Creating environment descriptor '/home/hikari/ros2_ws/ros2_lora/install/ros2_lora/share/ros2_lora/hook/ament_prefix_path.dsv'
[2.182s] INFO:colcon.colcon_core.shell:Creating environment hook '/home/hikari/ros2_ws/ros2_lora/install/ros2_lora/share/ros2_lora/hook/ament_prefix_path.sh'
[2.202s] INFO:colcon.colcon_core.shell:Skip shell extension 'powershell' for command environment: Not usable outside of PowerShell
[2.203s] DEBUG:colcon.colcon_core.shell:Skip shell extension 'dsv' for command environment
[3.145s] INFO:colcon.colcon_core.task.python.build:Building Python package in '/home/hikari/ros2_ws/ros2_lora'
[3.166s] INFO:colcon.colcon_core.shell:Skip shell extension 'powershell' for command environment: Not usable outside of PowerShell
[3.167s] DEBUG:colcon.colcon_core.shell:Skip shell extension 'dsv' for command environment
[5.438s] DEBUG:colcon.colcon_core.event_handler.log_command:Invoking command in '/home/hikari/ros2_ws/ros2_lora': PYTHONPATH=/home/hikari/ros2_ws/ros2_lora/build/ros2_lora/prefix_override:/home/hikari/ros2_ws/ros2_lora/install/ros2_lora/lib/python3.10/site-packages:${PYTHONPATH} /usr/bin/python3 setup.py egg_info --egg-base build/ros2_lora build --build-base /home/hikari/ros2_ws/ros2_lora/build/ros2_lora/build install --record /home/hikari/ros2_ws/ros2_lora/build/ros2_lora/install.log --single-version-externally-managed
[7.629s] DEBUG:colcon.colcon_core.event_handler.log_command:Invoked command in '/home/hikari/ros2_ws/ros2_lora' returned '0': PYTHONPATH=/home/hikari/ros2_ws/ros2_lora/build/ros2_lora/prefix_override:/home/hikari/ros2_ws/ros2_lora/install/ros2_lora/lib/python3.10/site-packages:${PYTHONPATH} /usr/bin/python3 setup.py egg_info --egg-base build/ros2_lora build --build-base /home/hikari/ros2_ws/ros2_lora/build/ros2_lora/build install --record /home/hikari/ros2_ws/ros2_lora/build/ros2_lora/install.log --single-version-externally-managed
[7.659s] Level 1:colcon.colcon_core.environment:checking '/home/hikari/ros2_ws/ros2_lora/install/ros2_lora' for CMake module files
[7.662s] Level 1:colcon.colcon_core.environment:checking '/home/hikari/ros2_ws/ros2_lora/install/ros2_lora' for CMake config files
[7.665s] Level 1:colcon.colcon_core.environment:checking '/home/hikari/ros2_ws/ros2_lora/install/ros2_lora/lib'
[7.666s] Level 1:colcon.colcon_core.environment:checking '/home/hikari/ros2_ws/ros2_lora/install/ros2_lora/bin'
[7.666s] Level 1:colcon.colcon_core.environment:checking '/home/hikari/ros2_ws/ros2_lora/install/ros2_lora/lib/pkgconfig/ros2_lora.pc'
[7.667s] Level 1:colcon.colcon_core.environment:checking '/home/hikari/ros2_ws/ros2_lora/install/ros2_lora/lib/python3.10/site-packages'
[7.667s] Level 1:colcon.colcon_core.shell:create_environment_hook('ros2_lora', 'pythonpath')
[7.684s] INFO:colcon.colcon_core.shell:Creating environment hook '/home/hikari/ros2_ws/ros2_lora/install/ros2_lora/share/ros2_lora/hook/pythonpath.ps1'
[7.686s] INFO:colcon.colcon_core.shell:Creating environment descriptor '/home/hikari/ros2_ws/ros2_lora/install/ros2_lora/share/ros2_lora/hook/pythonpath.dsv'
[7.688s] INFO:colcon.colcon_core.shell:Creating environment hook '/home/hikari/ros2_ws/ros2_lora/install/ros2_lora/share/ros2_lora/hook/pythonpath.sh'
[7.690s] Level 1:colcon.colcon_core.environment:checking '/home/hikari/ros2_ws/ros2_lora/install/ros2_lora/bin'
[7.690s] Level 1:colcon.colcon_core.environment:create_environment_scripts_only(ros2_lora)
[7.707s] INFO:colcon.colcon_core.shell:Creating package script '/home/hikari/ros2_ws/ros2_lora/install/ros2_lora/share/ros2_lora/package.ps1'
[7.710s] INFO:colcon.colcon_core.shell:Creating package descriptor '/home/hikari/ros2_ws/ros2_lora/install/ros2_lora/share/ros2_lora/package.dsv'
[7.756s] INFO:colcon.colcon_core.shell:Creating package script '/home/hikari/ros2_ws/ros2_lora/install/ros2_lora/share/ros2_lora/package.sh'
[7.759s] INFO:colcon.colcon_core.shell:Creating package script '/home/hikari/ros2_ws/ros2_lora/install/ros2_lora/share/ros2_lora/package.bash'
[7.762s] INFO:colcon.colcon_core.shell:Creating package script '/home/hikari/ros2_ws/ros2_lora/install/ros2_lora/share/ros2_lora/package.zsh'
[7.765s] Level 1:colcon.colcon_core.environment:create_file_with_runtime_dependencies(/home/hikari/ros2_ws/ros2_lora/install/ros2_lora/share/colcon-core/packages/ros2_lora)
[7.766s] DEBUG:colcon.colcon_parallel_executor.executor.parallel:closing loop
[7.767s] DEBUG:colcon.colcon_parallel_executor.executor.parallel:loop closed
[7.768s] DEBUG:colcon.colcon_parallel_executor.executor.parallel:run_until_complete finished with '0'
[7.768s] DEBUG:colcon.colcon_core.event_reactor:joining thread
[7.814s] INFO:colcon.colcon_core.plugin_system:Skipping extension 'colcon_notification.desktop_notification.terminal_notifier': Not used on non-Darwin systems
[7.814s] INFO:colcon.colcon_core.plugin_system:Skipping extension 'colcon_notification.desktop_notification.win32': Not used on non-Windows systems
[7.814s] INFO:colcon.colcon_notification.desktop_notification:Sending desktop notification using 'notify2'
[7.870s] DEBUG:colcon.colcon_core.event_reactor:joined thread
[7.891s] INFO:colcon.colcon_core.shell:Creating prefix script '/home/hikari/ros2_ws/ros2_lora/install/local_setup.ps1'
[7.895s] INFO:colcon.colcon_core.shell:Creating prefix util module '/home/hikari/ros2_ws/ros2_lora/install/_local_setup_util_ps1.py'
[7.902s] INFO:colcon.colcon_core.shell:Creating prefix chain script '/home/hikari/ros2_ws/ros2_lora/install/setup.ps1'
[7.924s] INFO:colcon.colcon_core.shell:Creating prefix script '/home/hikari/ros2_ws/ros2_lora/install/local_setup.sh'
[7.927s] INFO:colcon.colcon_core.shell:Creating prefix util module '/home/hikari/ros2_ws/ros2_lora/install/_local_setup_util_sh.py'
[7.931s] INFO:colcon.colcon_core.shell:Creating prefix chain script '/home/hikari/ros2_ws/ros2_lora/install/setup.sh'
[7.953s] INFO:colcon.colcon_core.shell:Creating prefix script '/home/hikari/ros2_ws/ros2_lora/install/local_setup.bash'
[7.955s] INFO:colcon.colcon_core.shell:Creating prefix chain script '/home/hikari/ros2_ws/ros2_lora/install/setup.bash'
[7.978s] INFO:colcon.colcon_core.shell:Creating prefix script '/home/hikari/ros2_ws/ros2_lora/install/local_setup.zsh'
[7.980s] INFO:colcon.colcon_core.shell:Creating prefix chain script '/home/hikari/ros2_ws/ros2_lora/install/setup.zsh'
